<?xml version="1.0" encoding="UTF-8"?>
<testng-results skipped="0" failed="0" ignored="0" total="1" passed="1">
  <reporter-output>
  </reporter-output>
  <suite name="Suite" duration-ms="43192" started-at="2018-03-29T13:01:57Z" finished-at="2018-03-29T13:02:40Z">
    <groups>
    </groups>
    <test name="Test" duration-ms="43192" started-at="2018-03-29T13:01:57Z" finished-at="2018-03-29T13:02:40Z">
      <class name="com.demo.prepare.Openchrome">
        <test-method status="PASS" signature="browser()[pri:0, instance:com.demo.prepare.Openchrome@6b2fad11]" name="browser" duration-ms="43140" started-at="2018-03-29T13:01:57Z" finished-at="2018-03-29T13:02:40Z">
          <reporter-output>
          </reporter-output>
        </test-method> <!-- browser -->
      </class> <!-- com.demo.prepare.Openchrome -->
    </test> <!-- Test -->
  </suite> <!-- Suite -->
</testng-results>
